c:\users\tomáš\desktop\volby_semest\volby_semest\debug\vc140.pdb
c:\users\tomáš\desktop\volby_semest\volby_semest\debug\vc140.idb
c:\users\tomáš\desktop\volby_semest\volby_semest\debug\aplikacia.obj
c:\users\tomáš\desktop\volby_semest\volby_semest\debug\dsroutines.obj
c:\users\tomáš\desktop\volby_semest\volby_semest\debug\main.obj
c:\users\tomáš\desktop\volby_semest\volby_semest\debug\okres.obj
c:\users\tomáš\desktop\volby_semest\volby_semest\debug\okrsok.obj
c:\users\tomáš\desktop\volby_semest\volby_semest\debug\strana.obj
c:\users\tomáš\desktop\volby_semest\volby_semest\debug\structure.obj
c:\users\tomáš\desktop\volby_semest\volby_semest\debug\vector.obj
c:\users\tomáš\desktop\volby_semest\volby_semest\debug\vysledok.obj
c:\users\tomáš\desktop\volby_semest\debug\volby_semest.pdb
c:\users\tomáš\desktop\volby_semest\volby_semest\debug\volby_semest.tlog\cl.command.1.tlog
c:\users\tomáš\desktop\volby_semest\volby_semest\debug\volby_semest.tlog\cl.read.1.tlog
c:\users\tomáš\desktop\volby_semest\volby_semest\debug\volby_semest.tlog\cl.write.1.tlog
c:\users\tomáš\desktop\volby_semest\volby_semest\debug\volby_semest.tlog\link-cvtres.read.1.tlog
c:\users\tomáš\desktop\volby_semest\volby_semest\debug\volby_semest.tlog\link-cvtres.write.1.tlog
c:\users\tomáš\desktop\volby_semest\volby_semest\debug\volby_semest.tlog\link-rc.read.1.tlog
c:\users\tomáš\desktop\volby_semest\volby_semest\debug\volby_semest.tlog\link-rc.write.1.tlog
c:\users\tomáš\desktop\volby_semest\volby_semest\debug\volby_semest.tlog\link.command.1.tlog
c:\users\tomáš\desktop\volby_semest\volby_semest\debug\volby_semest.tlog\link.read.1.tlog
c:\users\tomáš\desktop\volby_semest\volby_semest\debug\volby_semest.tlog\link.write.1.tlog
