e:\volby\volby_semest\x64\debug\vc140.pdb
e:\volby\volby_semest\x64\debug\vc140.idb
e:\volby\volby_semest\x64\debug\aplikacia.obj
e:\volby\volby_semest\x64\debug\cmpokrskyapp.obj
e:\volby\volby_semest\x64\debug\cmpokrskyokres.obj
e:\volby\volby_semest\x64\debug\cmpstrany.obj
e:\volby\volby_semest\x64\debug\dsroutines.obj
e:\volby\volby_semest\x64\debug\kandidat.obj
e:\volby\volby_semest\x64\debug\main.obj
e:\volby\volby_semest\x64\debug\okres.obj
e:\volby\volby_semest\x64\debug\okrsok.obj
e:\volby\volby_semest\x64\debug\parser.obj
e:\volby\volby_semest\x64\debug\strana.obj
e:\volby\volby_semest\x64\debug\structure.obj
e:\volby\volby_semest\x64\debug\vector.obj
e:\volby\volby_semest\x64\debug\vysledok.obj
e:\volby\x64\debug\volby_semest.ilk
e:\volby\x64\debug\volby_semest.exe
e:\volby\x64\debug\volby_semest.pdb
e:\volby\volby_semest\x64\debug\volby_semest.tlog\cl.command.1.tlog
e:\volby\volby_semest\x64\debug\volby_semest.tlog\cl.read.1.tlog
e:\volby\volby_semest\x64\debug\volby_semest.tlog\cl.write.1.tlog
e:\volby\volby_semest\x64\debug\volby_semest.tlog\link.command.1.tlog
e:\volby\volby_semest\x64\debug\volby_semest.tlog\link.read.1.tlog
e:\volby\volby_semest\x64\debug\volby_semest.tlog\link.write.1.tlog
