  Vysledok.cpp
  Vector.cpp
  Structure.cpp
  Strana.cpp
  Parser.cpp
c:\users\tomáš\desktop\school\github\volby\volby_semest\parser.cpp(93): warning C4996: 'sscanf': This function or variable may be unsafe. Consider using sscanf_s instead. To disable deprecation, use _CRT_SECURE_NO_WARNINGS. See online help for details.
  c:\program files (x86)\windows kits\10\include\10.0.10240.0\ucrt\stdio.h(2254): note: see declaration of 'sscanf'
c:\users\tomáš\desktop\school\github\volby\volby_semest\parser.cpp(99): warning C4996: 'sscanf': This function or variable may be unsafe. Consider using sscanf_s instead. To disable deprecation, use _CRT_SECURE_NO_WARNINGS. See online help for details.
  c:\program files (x86)\windows kits\10\include\10.0.10240.0\ucrt\stdio.h(2254): note: see declaration of 'sscanf'
  Okrsok.cpp
c:\users\tomáš\desktop\school\github\volby\volby_semest\okrsok.cpp(20): warning C4800: 'DS::SortableTable<Strana *,Vysledok *> *const ': forcing value to bool 'true' or 'false' (performance warning)
  Okres.cpp
  main.cpp
  Kandidat.cpp
  DSRoutines.cpp
  CmpStrany.cpp
c:\users\tomáš\desktop\school\github\volby\volby_semest\cmpstrany.cpp(17): warning C4244: 'return': conversion from 'double' to 'int', possible loss of data
c:\users\tomáš\desktop\school\github\volby\volby_semest\cmpstrany.cpp(39): warning C4244: 'return': conversion from 'double' to 'int', possible loss of data
  CmpOkrskyOkres.cpp
  CmpOkrskyApp.cpp
  Aplikacia.cpp
c:\users\tomáš\desktop\school\github\volby\volby_semest\aplikacia.cpp(23): warning C4800: 'DS::SortableTable<std::string,Okrsok *> *const ': forcing value to bool 'true' or 'false' (performance warning)
  Generating Code...
c:\users\tomáš\desktop\school\github\volby\volby_semest\cmpokrskyapp.cpp(23): warning C4715: 'CmpOkrskyApp::compare': not all control paths return a value
c:\users\tomáš\desktop\school\github\volby\volby_semest\cmpokrskyokres.cpp(30): warning C4715: 'CmpOkrskyOkres::compare': not all control paths return a value
  Volby_Semest.vcxproj -> C:\Users\Tomáš\Desktop\School\GitHub\Volby\x64\Debug\Volby_Semest.exe
