e:\volby\volby_semest\x64\release\vc140.pdb
e:\volby\volby_semest\x64\release\vysledok.obj
e:\volby\volby_semest\x64\release\vector.obj
e:\volby\volby_semest\x64\release\structure.obj
e:\volby\volby_semest\x64\release\strana.obj
e:\volby\volby_semest\x64\release\parser.obj
e:\volby\volby_semest\x64\release\okrsok.obj
e:\volby\volby_semest\x64\release\okres.obj
e:\volby\volby_semest\x64\release\main.obj
e:\volby\volby_semest\x64\release\kandidat.obj
e:\volby\volby_semest\x64\release\dsroutines.obj
e:\volby\volby_semest\x64\release\cmpstrany.obj
e:\volby\volby_semest\x64\release\cmpokrskyokres.obj
e:\volby\volby_semest\x64\release\cmpokrskyapp.obj
e:\volby\volby_semest\x64\release\aplikacia.obj
e:\volby\x64\release\volby_semest.exe
e:\volby\x64\release\volby_semest.ipdb
e:\volby\x64\release\volby_semest.iobj
e:\volby\x64\release\volby_semest.pdb
e:\volby\volby_semest\x64\release\volby_semest.tlog\cl.command.1.tlog
e:\volby\volby_semest\x64\release\volby_semest.tlog\cl.read.1.tlog
e:\volby\volby_semest\x64\release\volby_semest.tlog\cl.write.1.tlog
e:\volby\volby_semest\x64\release\volby_semest.tlog\link.command.1.tlog
e:\volby\volby_semest\x64\release\volby_semest.tlog\link.read.1.tlog
e:\volby\volby_semest\x64\release\volby_semest.tlog\link.write.1.tlog
